\BOOKMARK [0][-]{Doc-Start}{\376\377\000A\000c\000k\000n\000o\000w\000l\000e\000d\000g\000e\000m\000e\000n\000t\000s}{}% 1
\BOOKMARK [0][-]{Doc-Start}{\376\377\000A\000b\000s\000t\000r\000a\000c\000t}{}% 2
\BOOKMARK [0][-]{chapter.1}{\376\377\000I\000n\000t\000r\000o\000d\000u\000c\000t\000i\000o\000n}{}% 3
\BOOKMARK [1][-]{section.1.1}{\376\377\000B\000i\000o\000l\000o\000g\000i\000c\000a\000l\000\040\000B\000a\000c\000k\000g\000r\000o\000u\000n\000d}{chapter.1}% 4
\BOOKMARK [1][-]{section.1.2}{\376\377\000S\000e\000q\000u\000e\000n\000c\000i\000n\000g\000\040\000T\000e\000c\000h\000n\000i\000q\000u\000e\000s}{chapter.1}% 5
\BOOKMARK [2][-]{subsection.1.2.1}{\376\377\000R\000N\000A\000-\000S\000e\000q}{section.1.2}% 6
\BOOKMARK [2][-]{subsection.1.2.2}{\376\377\000C\000h\000I\000P\000-\000S\000e\000q}{section.1.2}% 7
\BOOKMARK [2][-]{subsection.1.2.3}{\376\377\000A\000t\000a\000c\000-\000S\000e\000q}{section.1.2}% 8
\BOOKMARK [2][-]{subsection.1.2.4}{\376\377\000O\000t\000h\000e\000r\000\040\000S\000e\000q\000u\000e\000n\000c\000i\000n\000g\000\040\000T\000e\000c\000n\000i\000q\000u\000e\000s}{section.1.2}% 9
\BOOKMARK [1][-]{section.1.3}{\376\377\000D\000a\000t\000a\000\040\000A\000n\000a\000l\000y\000s\000i\000s}{chapter.1}% 10
\BOOKMARK [2][-]{subsection.1.3.1}{\376\377\000R\000N\000A\000-\000S\000e\000q\000\040\000M\000e\000t\000h\000o\000d\000s}{section.1.3}% 11
\BOOKMARK [2][-]{subsection.1.3.2}{\376\377\000C\000h\000I\000P\000-\000S\000e\000q\000\040\000M\000e\000t\000h\000o\000d\000s}{section.1.3}% 12
\BOOKMARK [2][-]{subsection.1.3.3}{\376\377\000A\000t\000a\000c\000-\000S\000e\000q\000\040\000M\000e\000t\000h\000o\000d\000s}{section.1.3}% 13
\BOOKMARK [1][-]{section.1.4}{\376\377\000I\000n\000t\000e\000g\000r\000a\000t\000i\000o\000n}{chapter.1}% 14
\BOOKMARK [2][-]{subsection.1.4.1}{\376\377\000L\000o\000w\000\040\000L\000e\000v\000e\000l\000\040\000I\000n\000t\000e\000g\000r\000a\000t\000i\000o\000n}{section.1.4}% 15
\BOOKMARK [2][-]{subsection.1.4.2}{\376\377\000H\000i\000g\000h\000\040\000L\000e\000v\000e\000l\000\040\000I\000n\000t\000e\000g\000r\000a\000t\000i\000o\000n}{section.1.4}% 16
\BOOKMARK [1][-]{section.1.5}{\376\377\000R\000e\000p\000r\000o\000d\000u\000c\000i\000b\000l\000e\000\040\000C\000o\000m\000p\000u\000t\000a\000t\000i\000o\000n\000a\000l\000\040\000R\000e\000s\000e\000a\000r\000c\000h}{chapter.1}% 17
\BOOKMARK [0][-]{chapter.2}{\376\377\000M\000e\000t\000h\000o\000d\000s}{}% 18
\BOOKMARK [1][-]{section.2.1}{\376\377\000T\000i\000C\000o\000R\000S\000e\000\040\000-\000\040\000T\000i\000m\000e\000\040\000C\000o\000u\000r\000s\000e\000\040\000R\000N\000A\000-\000S\000e\000q\000\040\000d\000a\000t\000a\000\040\000a\000n\000a\000l\000y\000s\000i\000s}{chapter.2}% 19
\BOOKMARK [1][-]{section.2.2}{\376\377\000D\000E\000S\000c\000a\000n\0002\000\040\000-\000\040\000D\000i\000f\000f\000e\000r\000e\000n\000t\000i\000a\000l\000\040\000E\000n\000r\000i\000c\000h\000e\000d\000\040\000S\000c\000a\000n\000\040\0002}{chapter.2}% 20
\BOOKMARK [1][-]{section.2.3}{\376\377\000I\000n\000t\000e\000g\000r\000H\000O\000\040\000-\000\040\000I\000n\000t\000e\000g\000r\000a\000t\000i\000o\000n\000\040\000o\000f\000\040\000H\000i\000g\000h\000-\000T\000h\000r\000o\000u\000g\000h\000t\000p\000u\000t\000\040\000O\000m\000i\000c\000s\000\040\000d\000a\000t\000a}{chapter.2}% 21
\BOOKMARK [0][-]{chapter.3}{\376\377\000R\000e\000s\000u\000l\000t\000s}{}% 22
\BOOKMARK [1][-]{section.3.1}{\376\377\000T\000i\000C\000o\000R\000S\000e\000\040\000-\000\040\000T\000i\000m\000e\000\040\000C\000o\000u\000r\000s\000e\000\040\000R\000N\000A\000-\000S\000e\000q\000\040\000d\000a\000t\000a\000\040\000a\000n\000a\000l\000y\000s\000i\000s}{chapter.3}% 23
\BOOKMARK [1][-]{section.3.2}{\376\377\000D\000E\000S\000c\000a\000n\0002\000\040\000-\000\040\000D\000i\000f\000f\000e\000r\000e\000n\000t\000i\000a\000l\000\040\000E\000n\000r\000i\000c\000h\000e\000d\000\040\000S\000c\000a\000n\000\040\0002}{chapter.3}% 24
\BOOKMARK [1][-]{section.3.3}{\376\377\000I\000n\000t\000e\000g\000r\000H\000O\000\040\000-\000\040\000I\000n\000t\000e\000g\000r\000a\000t\000i\000o\000n\000\040\000o\000f\000\040\000H\000i\000g\000h\000-\000T\000h\000r\000o\000u\000g\000h\000t\000p\000u\000t\000\040\000O\000m\000i\000c\000s\000\040\000d\000a\000t\000a}{chapter.3}% 25
\BOOKMARK [0][-]{chapter.4}{\376\377\000F\000u\000t\000u\000r\000e\000\040\000W\000o\000r\000k\000s}{}% 26
\BOOKMARK [0][-]{chapter.5}{\376\377\000C\000o\000n\000c\000l\000u\000s\000i\000o\000n\000s}{}% 27
\BOOKMARK [0][-]{section*.1}{\376\377\000A\000p\000p\000e\000n\000d\000i\000c\000e\000s}{}% 28
\BOOKMARK [0][-]{chapter.6}{\376\377\000B\000i\000b\000l\000i\000o\000g\000r\000a\000p\000h\000y}{}% 29
\BOOKMARK [0][-]{chapter.6}{\376\377\000L\000i\000s\000t\000\040\000o\000f\000\040\000F\000i\000g\000u\000r\000e\000s}{}% 30
\BOOKMARK [0][-]{chapter.6}{\376\377\000L\000i\000s\000t\000\040\000o\000f\000\040\000T\000a\000b\000l\000e\000s}{}% 31
