\BOOKMARK [0][-]{Doc-Start}{\376\377\000A\000c\000k\000n\000o\000w\000l\000e\000d\000g\000e\000m\000e\000n\000t\000s}{}% 1
\BOOKMARK [0][-]{Doc-Start}{\376\377\000A\000b\000s\000t\000r\000a\000c\000t}{}% 2
\BOOKMARK [0][-]{chapter.1}{\376\377\000I\000n\000t\000r\000o\000d\000u\000c\000t\000i\000o\000n}{}% 3
\BOOKMARK [1][-]{section.1.1}{\376\377\000B\000i\000o\000l\000o\000g\000i\000c\000a\000l\000\040\000B\000a\000c\000k\000g\000r\000o\000u\000n\000d}{chapter.1}% 4
\BOOKMARK [2][-]{subsection.1.1.1}{\376\377\000T\000h\000e\000\040\000c\000e\000l\000l}{section.1.1}% 5
\BOOKMARK [2][-]{subsection.1.1.2}{\376\377\000T\000h\000e\000\040\000D\000N\000A}{section.1.1}% 6
\BOOKMARK [2][-]{subsection.1.1.3}{\376\377\000T\000h\000e\000\040\000C\000h\000r\000o\000m\000a\000t\000i\000n}{section.1.1}% 7
\BOOKMARK [1][-]{section.1.2}{\376\377\000S\000e\000q\000u\000e\000n\000c\000i\000n\000g\000\040\000T\000e\000c\000h\000n\000i\000q\000u\000e\000s}{chapter.1}% 8
\BOOKMARK [2][-]{subsection.1.2.1}{\376\377\000R\000N\000A\000-\000s\000e\000q}{section.1.2}% 9
\BOOKMARK [2][-]{subsection.1.2.2}{\376\377\000C\000h\000I\000P\000-\000s\000e\000q}{section.1.2}% 10
\BOOKMARK [2][-]{subsection.1.2.3}{\376\377\000A\000T\000A\000C\000-\000s\000e\000q}{section.1.2}% 11
\BOOKMARK [1][-]{section.1.3}{\376\377\000M\000u\000l\000t\000i\000-\000o\000m\000i\000c\000s\000\040\000I\000n\000t\000e\000g\000r\000a\000t\000i\000o\000n}{chapter.1}% 12
\BOOKMARK [1][-]{section.1.4}{\376\377\000R\000e\000p\000r\000o\000d\000u\000c\000i\000b\000l\000e\000\040\000R\000e\000s\000e\000a\000r\000c\000h}{chapter.1}% 13
\BOOKMARK [1][-]{section.1.5}{\376\377\000A\000i\000m\000\040\000o\000f\000\040\000t\000h\000e\000\040\000W\000o\000r\000k}{chapter.1}% 14
\BOOKMARK [0][-]{chapter.2}{\376\377\000T\000i\000m\000e\000\040\000C\000o\000u\000r\000s\000e\000\040\000R\000N\000A\000-\000s\000e\000q\000\040\000a\000n\000a\000l\000y\000z\000e\000r\000:\000\040\000t\000i\000c\000o\000r\000s\000e\000r}{}% 15
\BOOKMARK [1][-]{section.2.1}{\376\377\000I\000n\000t\000r\000o\000d\000u\000c\000t\000i\000o\000n}{chapter.2}% 16
\BOOKMARK [1][-]{section.2.2}{\376\377\000M\000e\000t\000h\000o\000d\000s}{chapter.2}% 17
\BOOKMARK [2][-]{subsection.2.2.1}{\376\377\000F\000i\000l\000t\000e\000r\000i\000n\000g\000\040\000l\000o\000w\000\040\000c\000o\000u\000n\000t\000s}{section.2.2}% 18
\BOOKMARK [2][-]{subsection.2.2.2}{\376\377\000D\000a\000t\000a\000\040\000N\000o\000r\000m\000a\000l\000i\000z\000a\000t\000i\000o\000n}{section.2.2}% 19
\BOOKMARK [2][-]{subsection.2.2.3}{\376\377\000D\000i\000f\000f\000e\000r\000e\000n\000t\000i\000a\000l\000\040\000E\000x\000p\000r\000e\000s\000s\000i\000o\000n}{section.2.2}% 20
\BOOKMARK [3][-]{section*.16}{\376\377\000T\000i\000m\000e\000-\000C\000o\000u\000r\000s\000e\000\040\000D\000E\000\040\000M\000e\000t\000h\000o\000d\000\040\0001\000\040\000-\000\040\000L\000R\000T\000\137\000T\000C}{subsection.2.2.3}% 21
\BOOKMARK [3][-]{section*.18}{\376\377\000T\000i\000m\000e\000-\000C\000o\000u\000r\000s\000e\000\040\000D\000E\000\040\000M\000e\000t\000h\000o\000d\000\040\0002\000\040\000-\000\040\000L\000R\000T\000\137\000T}{subsection.2.2.3}% 22
\BOOKMARK [3][-]{section*.20}{\376\377\000T\000i\000m\000e\000-\000C\000o\000u\000r\000s\000e\000\040\000D\000E\000\040\000M\000e\000t\000h\000o\000d\000\040\0003\000\040\000-\000\040\000L\000R\000T\000\137\000N\000O\000I\000n\000t\000e\000r\000a\000c\000t\000i\000o\000n}{subsection.2.2.3}% 23
\BOOKMARK [3][-]{section*.22}{\376\377\000T\000i\000m\000e\000-\000C\000o\000u\000r\000s\000e\000\040\000D\000E\000\040\000M\000e\000t\000h\000o\000d\000\040\000-\000\040\000W\000a\000l\000d}{subsection.2.2.3}% 24
\BOOKMARK [3][-]{section*.23}{\376\377\000S\000i\000n\000g\000l\000e\000\040\000D\000E\000\040\000M\000e\000t\000h\000o\000d\000s}{subsection.2.2.3}% 25
\BOOKMARK [2][-]{subsection.2.2.4}{\376\377\000D\000a\000t\000a\000\040\000V\000i\000s\000u\000a\000l\000i\000z\000a\000t\000i\000o\000n}{section.2.2}% 26
\BOOKMARK [3][-]{section*.24}{\376\377\000E\000x\000p\000l\000o\000r\000a\000t\000i\000o\000n\000\040\000P\000l\000o\000t\000s\000\040\000o\000n\000\040\000C\000o\000u\000n\000t\000s}{subsection.2.2.4}% 27
\BOOKMARK [3][-]{section*.28}{\376\377\000D\000E\000\040\000R\000e\000s\000u\000l\000t\000s\000\040\000P\000l\000o\000t\000s}{subsection.2.2.4}% 28
\BOOKMARK [3][-]{section*.31}{\376\377\000G\000e\000n\000e\000\040\000P\000r\000o\000f\000i\000l\000e\000s\000\040\000p\000l\000o\000t}{subsection.2.2.4}% 29
\BOOKMARK [3][-]{section*.33}{\376\377\000K\000E\000G\000G\000-\000M\000a\000p\000s}{subsection.2.2.4}% 30
\BOOKMARK [1][-]{section.2.3}{\376\377\000A\000d\000d\000i\000t\000i\000o\000n\000a\000l\000\040\000F\000e\000a\000t\000u\000r\000e\000s}{chapter.2}% 31
\BOOKMARK [2][-]{section*.35}{\376\377\000G\000e\000n\000e\000\040\000q\000u\000a\000n\000t\000i\000f\000i\000c\000a\000t\000i\000o\000n}{section.2.3}% 32
\BOOKMARK [3][-]{section*.36}{\376\377\000F\000u\000n\000c\000t\000i\000o\000n\000a\000l\000\040\000A\000n\000a\000l\000y\000s\000i\000s}{section*.35}% 33
\BOOKMARK [3][-]{section*.37}{\376\377\000R\000e\000s\000u\000l\000t\000s\000\040\000C\000o\000m\000p\000a\000r\000i\000s\000o\000n}{section*.35}% 34
\BOOKMARK [3][-]{section*.38}{\376\377\000G\000e\000n\000e\000\040\000I\000d\000e\000n\000t\000i\000f\000i\000e\000r\000s\000\040\000C\000o\000n\000v\000e\000r\000s\000i\000o\000n}{section*.35}% 35
\BOOKMARK [3][-]{section*.39}{\376\377\000I\000n\000p\000u\000t\000/\000O\000u\000t\000p\000u\000t\000\040\000F\000i\000l\000e\000\040\000H\000a\000n\000d\000l\000i\000n\000g}{section*.35}% 36
\BOOKMARK [1][-]{section.2.4}{\376\377\000C\000a\000s\000e\000\040\000S\000t\000u\000d\000y}{chapter.2}% 37
\BOOKMARK [2][-]{section*.41}{\376\377\000F\000e\000a\000t\000u\000r\000e\000s\000\040\000q\000u\000a\000n\000t\000i\000f\000i\000c\000a\000t\000i\000o\000n}{section.2.4}% 38
\BOOKMARK [3][-]{section*.42}{\376\377\000T\000h\000e\000\040\000d\000e\000s\000i\000g\000n\000\040\000m\000a\000t\000r\000i\000x}{section*.41}% 39
\BOOKMARK [3][-]{section*.44}{\376\377\000F\000i\000l\000t\000e\000r\000i\000n\000g\000\040\000\046\000\040\000N\000o\000r\000m\000a\000l\000i\000z\000a\000t\000i\000o\000n}{section*.41}% 40
\BOOKMARK [3][-]{section*.48}{\376\377\000D\000i\000f\000f\000e\000r\000e\000n\000t\000i\000a\000l\000\040\000E\000x\000p\000r\000e\000s\000s\000i\000o\000n}{section*.41}% 41
\BOOKMARK [3][-]{section*.55}{\376\377\000F\000u\000n\000c\000t\000i\000o\000n\000a\000l\000\040\000E\000n\000r\000i\000c\000h\000m\000e\000n\000t\000\040\000A\000n\000a\000l\000y\000s\000i\000s}{section*.41}% 42
\BOOKMARK [1][-]{section.2.5}{\376\377\000D\000i\000s\000c\000u\000s\000s\000i\000o\000n\000s}{chapter.2}% 43
\BOOKMARK [0][-]{chapter.3}{\376\377\000D\000i\000f\000f\000e\000r\000e\000n\000t\000i\000a\000l\000\040\000E\000n\000r\000i\000c\000h\000e\000d\000\040\000S\000c\000a\000n\000\040\0002\000:\000\040\000D\000E\000S\000c\000a\000n\0002}{}% 44
\BOOKMARK [1][-]{section.3.1}{\376\377\000I\000n\000t\000r\000o\000d\000u\000c\000t\000i\000o\000n}{chapter.3}% 45
\BOOKMARK [1][-]{section.3.2}{\376\377\000M\000e\000t\000h\000o\000d\000s}{chapter.3}% 46
\BOOKMARK [2][-]{subsection.3.2.1}{\376\377\000P\000e\000a\000k\000\040\000C\000a\000l\000l\000e\000r}{section.3.2}% 47
\BOOKMARK [2][-]{subsection.3.2.2}{\376\377\000P\000e\000a\000k\000\040\000F\000i\000l\000t\000e\000r\000i\000n\000g\000\040\000a\000n\000d\000\040\000A\000l\000i\000g\000n\000m\000e\000n\000t}{section.3.2}% 48
\BOOKMARK [2][-]{subsection.3.2.3}{\376\377\000C\000o\000u\000n\000t\000i\000n\000g\000\040\000P\000e\000a\000k\000s}{section.3.2}% 49
\BOOKMARK [2][-]{subsection.3.2.4}{\376\377\000A\000d\000d\000i\000t\000i\000o\000n\000a\000l\000\040\000F\000e\000a\000t\000u\000r\000e\000s}{section.3.2}% 50
\BOOKMARK [1][-]{section.3.3}{\376\377\000C\000a\000s\000e\000\040\000S\000t\000u\000d\000y}{chapter.3}% 51
\BOOKMARK [2][-]{section*.61}{\376\377\000D\000a\000t\000a\000\040\000D\000e\000s\000c\000r\000i\000p\000t\000i\000o\000n\000\040\000a\000n\000d\000\040\000P\000r\000e\000p\000r\000o\000c\000e\000s\000s\000i\000n\000g}{section.3.3}% 52
\BOOKMARK [3][-]{section*.63}{\376\377\000P\000